<?xml version="1.0" encoding="UTF-8"?>
<!-- Generated by org.testng.reporters.JUnitReportReporter -->
<testsuite hostname="Sid" name="Uptake.com.uptake.test.UptakeTest" tests="1" failures="0" timestamp="20 Aug 2017 07:04:29 GMT" time="33.240" errors="0">
  <testcase name="testNavigation" time="33.240" classname="Uptake.com.uptake.test.UptakeTest"/>
</testsuite> <!-- Uptake.com.uptake.test.UptakeTest -->
